{'enable_modelarts': 'Whether training on modelarts, default: False', 'data_url': 'Dataset url for obs', 'checkpoint_url': 'The location of checkpoint for obs', 'data_path': 'Dataset path for local', 'output_path': 'Training output path for local', 'load_path': 'The location of checkpoint for obs', 'device_target': 'Target device type, available: [Ascend, GPU, CPU]', 'enable_profiling': 'Whether enable profiling while training, default: False', 'num_classes': 'Class for dataset', 'batch_size': 'Batch size for training and evaluation', 'epoch_size': 'Total training epochs.', 'checkpoint_path': 'The location of the checkpoint file.', 'checkpoint_file_path': 'The location of the checkpoint file.', 'save_graphs': 'Whether save graphs during training, default: False.', 'save_graphs_path': 'Path to save graphs.'}
{'all_reduce_fusion_config': [85, 160],
 'batch_size': 32,
 'boost_mode': 'O0',
 'cache_session_id': '',
 'checkpoint_file_path': '',
 'checkpoint_path': './checkpoint/',
 'checkpoint_url': '',
 'ckpt_file': '',
 'class_num': 10,
 'config_path': '/data/hujingbin/ResNet50/mindspore_resnet50_husky_labrador/model_utils/config/resnet50_cifar10_config.yaml',
 'conv_init': 'XavierUniform',
 'data_path': '/cache/data',
 'data_url': '',
 'dataset': 'cifar10',
 'dense_init': 'TruncatedNormal',
 'device_id': 0,
 'device_num': 1,
 'device_target': 'Ascend',
 'enable_cache': False,
 'enable_modelarts': False,
 'enable_profiling': False,
 'epoch_size': 90,
 'eval_dataset_path': '',
 'eval_image_size': 224,
 'eval_interval': 1,
 'eval_start_epoch': 40,
 'file_format': 'MINDIR',
 'file_name': 'resnet50',
 'filter_weight': False,
 'has_trained_epoch': 0,
 'has_trained_step': 0,
 'height': 224,
 'infer_label': '',
 'keep_checkpoint_max': 10,
 'label_path': '',
 'lars_coefficient': 0.001,
 'lars_epsilon': 0.0,
 'load_path': '/cache/checkpoint_path/',
 'loss_scale': 1024,
 'lr_decay_mode': 'poly',
 'lr_end': 1e-05,
 'lr_init': 0.01,
 'lr_max': 0.1,
 'mode_name': 'GRAPH',
 'momentum': 0.9,
 'net_name': 'resnet50',
 'network_dataset': 'resnet50_cifar10',
 'optimizer': 'Momentum',
 'output_path': '/cache/train',
 'parameter_server': False,
 'pre_trained': '',
 'pretrain_epoch_size': 0,
 'result_path': '',
 'run_distribute': False,
 'run_eval': False,
 'save_best_ckpt': True,
 'save_checkpoint': True,
 'save_checkpoint_epochs': 5,
 'save_graphs': False,
 'save_graphs_path': './graphs',
 'train_image_size': 224,
 'train_url': '',
 'warmup_epochs': 5,
 'weight_decay': 0.0001,
 'width': 224}
Please check the above information for the configurations
Epoch 1/200
----------
train Loss: 0.6852202
val Acc: 0.5020559210526315
Train epoch time: 571751.284 ms, per step time: 1642.963 ms
Epoch 2/200
----------
train Loss: 0.6896984
val Acc: 0.4995888157894737
Train epoch time: 549089.294 ms, per step time: 1577.843 ms
Epoch 3/200
----------
train Loss: 0.68750036
val Acc: 0.4967105263157895
Train epoch time: 549540.735 ms, per step time: 1579.140 ms
Epoch 4/200
----------
train Loss: 0.6940922
val Acc: 0.501233552631579
Train epoch time: 548783.656 ms, per step time: 1576.965 ms
Epoch 5/200
----------
train Loss: 0.69114804
val Acc: 0.5016447368421053
Train epoch time: 547493.330 ms, per step time: 1573.257 ms
Epoch 6/200
----------
train Loss: 0.6960149
val Acc: 0.5028782894736842
Train epoch time: 560303.834 ms, per step time: 1610.068 ms
Epoch 7/200
----------
train Loss: 0.6942592
val Acc: 0.4987664473684211
Train epoch time: 546132.615 ms, per step time: 1569.347 ms
Epoch 8/200
----------
train Loss: 0.6958962
val Acc: 0.5008223684210527
Train epoch time: 546289.194 ms, per step time: 1569.797 ms
Epoch 9/200
----------
train Loss: 0.67771685
val Acc: 0.5016447368421053
Train epoch time: 546208.954 ms, per step time: 1569.566 ms
Epoch 10/200
----------
train Loss: 0.6966558
val Acc: 0.501233552631579
Train epoch time: 546888.080 ms, per step time: 1571.517 ms
Epoch 11/200
----------
train Loss: 0.6890395
val Acc: 0.5008223684210527
Train epoch time: 546090.357 ms, per step time: 1569.225 ms
Epoch 12/200
----------
train Loss: 0.6922913
val Acc: 0.5037006578947368
Train epoch time: 560574.964 ms, per step time: 1610.848 ms
Epoch 13/200
----------
train Loss: 0.68957293
val Acc: 0.49835526315789475
Train epoch time: 546524.304 ms, per step time: 1570.472 ms
Epoch 14/200
----------
train Loss: 0.6966389
val Acc: 0.4987664473684211
Train epoch time: 547041.525 ms, per step time: 1571.958 ms
Epoch 15/200
----------
train Loss: 0.6958811
val Acc: 0.5004111842105263
Train epoch time: 547122.402 ms, per step time: 1572.191 ms
Epoch 16/200
----------
train Loss: 0.6961525
val Acc: 0.5004111842105263
Train epoch time: 546834.436 ms, per step time: 1571.363 ms
Epoch 17/200
----------
train Loss: 0.6914319
val Acc: 0.501233552631579
Train epoch time: 546700.434 ms, per step time: 1570.978 ms
